TN:
SF:src/entity.ts
FN:40,entity
FN:48,preload
FN:66,hook_intercept_act_error
FN:93,seneca.private$.exports.Entity.log$
FN:101,build_api_make
FN:103,entityAPI
FN:111,entityAPI.instance
FN:118,entityAPI.state
FN:126,entityAPI.begin
FN:170,entityAPI.end
FN:204,entityAPI.rollback
FN:237,entityAPI.adopt
FN:391,generate_id
FN:415,get_state
FNF:14
FNH:8
FNDA:55,entity
FNDA:55,preload
FNDA:0,hook_intercept_act_error
FNDA:33,seneca.private$.exports.Entity.log$
FNDA:110,build_api_make
FNDA:184,entityAPI
FNDA:0,entityAPI.instance
FNDA:1,entityAPI.state
FNDA:0,entityAPI.begin
FNDA:0,entityAPI.end
FNDA:0,entityAPI.rollback
FNDA:0,entityAPI.adopt
FNDA:42,generate_id
FNDA:1,get_state
DA:1,1
DA:2,1
DA:3,1
DA:4,1
DA:5,1
DA:6,1
DA:7,1
DA:8,1
DA:9,1
DA:10,1
DA:11,1
DA:12,1
DA:13,1
DA:14,1
DA:15,1
DA:16,1
DA:17,1
DA:18,1
DA:19,1
DA:20,1
DA:21,1
DA:22,1
DA:23,1
DA:24,1
DA:25,1
DA:26,1
DA:27,1
DA:28,1
DA:29,1
DA:30,1
DA:31,1
DA:32,1
DA:33,1
DA:34,1
DA:35,1
DA:36,1
DA:37,1
DA:38,1
DA:39,1
DA:40,55
DA:41,55
DA:42,55
DA:43,55
DA:44,55
DA:45,1
DA:46,1
DA:47,1
DA:48,55
DA:49,55
DA:50,55
DA:51,55
DA:52,55
DA:53,55
DA:54,55
DA:55,55
DA:56,55
DA:57,55
DA:58,55
DA:59,55
DA:60,55
DA:61,55
DA:62,55
DA:63,55
DA:64,55
DA:65,55
DA:66,55
DA:67,0
DA:68,0
DA:69,0
DA:70,0
DA:71,0
DA:72,0
DA:73,0
DA:74,0
DA:75,0
DA:76,0
DA:77,0
DA:78,55
DA:79,55
DA:80,55
DA:81,55
DA:82,55
DA:83,55
DA:84,55
DA:85,55
DA:86,55
DA:87,55
DA:88,55
DA:89,55
DA:90,55
DA:91,55
DA:92,55
DA:93,1
DA:94,33
DA:95,33
DA:96,33
DA:97,33
DA:98,1
DA:99,55
DA:100,55
DA:101,55
DA:102,110
DA:103,110
DA:104,184
DA:105,184
DA:106,110
DA:107,110
DA:108,110
DA:109,110
DA:110,110
DA:111,110
DA:112,0
DA:113,0
DA:114,0
DA:115,0
DA:116,110
DA:117,110
DA:118,110
DA:119,1
DA:120,1
DA:121,1
DA:122,110
DA:123,110
DA:124,110
DA:125,0
DA:126,0
DA:127,0
DA:128,0
DA:129,0
DA:130,0
DA:131,0
DA:132,0
DA:133,0
DA:134,0
DA:135,0
DA:136,0
DA:137,0
DA:138,0
DA:139,0
DA:140,0
DA:141,0
DA:142,0
DA:143,0
DA:144,0
DA:145,0
DA:146,0
DA:147,0
DA:148,0
DA:149,0
DA:150,0
DA:151,0
DA:152,0
DA:153,0
DA:154,0
DA:155,0
DA:156,0
DA:157,0
DA:158,0
DA:159,0
DA:160,0
DA:161,0
DA:162,0
DA:163,0
DA:164,0
DA:165,0
DA:166,0
DA:167,0
DA:168,0
DA:169,0
DA:170,0
DA:171,0
DA:172,0
DA:173,0
DA:174,0
DA:175,0
DA:176,0
DA:177,0
DA:178,0
DA:179,0
DA:180,0
DA:181,0
DA:182,0
DA:183,0
DA:184,0
DA:185,0
DA:186,0
DA:187,0
DA:188,0
DA:189,0
DA:190,0
DA:191,0
DA:192,0
DA:193,0
DA:194,0
DA:195,0
DA:196,0
DA:197,0
DA:198,0
DA:199,0
DA:200,0
DA:201,0
DA:202,0
DA:203,0
DA:204,0
DA:205,0
DA:206,0
DA:207,0
DA:208,0
DA:209,0
DA:210,0
DA:211,0
DA:212,0
DA:213,0
DA:214,0
DA:215,0
DA:216,0
DA:217,0
DA:218,0
DA:219,0
DA:220,0
DA:221,0
DA:222,0
DA:223,0
DA:224,0
DA:225,0
DA:226,0
DA:227,0
DA:228,0
DA:229,0
DA:230,0
DA:231,0
DA:232,0
DA:233,0
DA:234,0
DA:235,0
DA:236,0
DA:237,0
DA:238,0
DA:239,0
DA:240,0
DA:241,0
DA:242,0
DA:243,0
DA:244,0
DA:245,0
DA:246,0
DA:247,0
DA:248,0
DA:249,0
DA:250,0
DA:251,0
DA:252,0
DA:253,0
DA:254,0
DA:255,0
DA:256,0
DA:257,0
DA:258,0
DA:259,0
DA:260,0
DA:261,0
DA:262,0
DA:263,0
DA:264,0
DA:265,0
DA:266,0
DA:267,0
DA:268,0
DA:269,0
DA:270,0
DA:271,0
DA:272,0
DA:273,0
DA:274,0
DA:275,0
DA:276,0
DA:277,0
DA:278,0
DA:279,0
DA:280,0
DA:281,0
DA:282,0
DA:283,0
DA:284,0
DA:285,0
DA:286,0
DA:287,0
DA:288,0
DA:289,0
DA:290,0
DA:291,0
DA:292,0
DA:293,0
DA:294,0
DA:295,0
DA:296,0
DA:297,0
DA:298,110
DA:299,110
DA:300,110
DA:301,55
DA:302,55
DA:303,55
DA:304,55
DA:305,55
DA:306,55
DA:307,49
DA:308,49
DA:309,55
DA:310,55
DA:311,49
DA:312,49
DA:313,55
DA:314,55
DA:315,55
DA:316,55
DA:317,55
DA:318,55
DA:319,55
DA:320,49
DA:321,49
DA:322,55
DA:323,55
DA:324,55
DA:325,55
DA:326,49
DA:327,49
DA:328,55
DA:329,55
DA:330,55
DA:331,55
DA:332,55
DA:333,55
DA:334,55
DA:335,55
DA:336,52
DA:337,52
DA:338,55
DA:339,55
DA:340,55
DA:341,55
DA:342,55
DA:343,55
DA:344,55
DA:345,55
DA:346,55
DA:347,55
DA:348,55
DA:349,55
DA:350,55
DA:351,55
DA:352,3
DA:353,3
DA:354,3
DA:355,3
DA:356,3
DA:357,3
DA:358,3
DA:359,3
DA:360,3
DA:361,55
DA:362,1
DA:363,1
DA:364,1
DA:365,1
DA:366,1
DA:367,1
DA:368,1
DA:369,1
DA:370,1
DA:371,1
DA:372,55
DA:373,55
DA:374,55
DA:375,55
DA:376,55
DA:377,55
DA:378,55
DA:379,55
DA:380,55
DA:381,55
DA:382,1
DA:383,1
DA:384,1
DA:385,1
DA:386,1
DA:387,1
DA:388,1
DA:389,1
DA:390,1
DA:391,42
DA:392,42
DA:393,42
DA:394,42
DA:395,42
DA:396,42
DA:397,42
DA:398,40
DA:399,40
DA:400,40
DA:401,40
DA:402,40
DA:403,40
DA:404,39
DA:405,40
DA:406,1
DA:407,1
DA:408,40
DA:409,42
DA:410,42
DA:411,42
DA:412,1
DA:413,1
DA:414,1
DA:415,1
DA:416,1
DA:417,1
DA:418,1
DA:419,1
DA:420,1
DA:421,1
DA:422,1
DA:423,1
DA:424,1
DA:425,1
DA:426,1
DA:427,1
DA:428,1
DA:429,1
DA:430,1
DA:431,1
DA:432,1
DA:433,1
DA:434,1
DA:435,1
DA:436,1
DA:437,1
LF:437
LH:249
BRDA:40,0,0,55
BRDA:48,1,0,55
BRDA:80,2,0,3
BRDA:86,3,0,49
BRDA:90,4,0,49
BRDA:92,5,0,1
BRDA:306,6,0,49
BRDA:310,7,0,49
BRDA:319,8,0,49
BRDA:325,9,0,6
BRDA:325,10,0,49
BRDA:335,11,0,52
BRDA:351,12,0,3
BRDA:361,13,0,52
BRDA:361,14,0,1
BRDA:93,15,0,33
BRDA:101,16,0,110
BRDA:124,17,0,0
BRDA:103,18,0,184
BRDA:118,19,0,1
BRDA:391,20,0,42
BRDA:395,21,0,2
BRDA:395,22,0,40
BRDA:397,23,0,40
BRDA:400,24,0,36
BRDA:400,25,0,35
BRDA:401,26,0,4
BRDA:403,27,0,39
BRDA:404,28,0,5
BRDA:405,29,0,1
BRDA:410,30,0,1
BRDA:410,31,0,41
BRDA:415,32,0,1
BRF:33
BRH:32
end_of_record
TN:
SF:src/lib/make_entity.ts
FN:26,entargs
FN:56,Entity
FN:52,get_instance
FN:59,Entity.private$.get_instance
FN:87,make$
FN:101,self.private$.get_instance
FN:182,save$
FN:205,native$
FN:229,load$
FN:279,list$
FN:321,remove$
FN:351,delete$
FN:360,fields$
FN:377,close$
FN:391,is$
FN:416,canon$
FN:469,data$
FN:539,clone$
FN:551,custom$
FN:558,entityPromise
FN:577,prepareCmd
FN:591,emptyQuery
FN:596,normalize_query
FN:623,parsecanon
FN:656,canonstr
FN:666,handle_options
FN:694,Entity.done$
FN:706,make_toString
FN:743,MakeEntity
FN:762,custom$
FNF:30
FNH:25
FNDA:99,entargs
FNDA:265,Entity
FNDA:0,get_instance
FNDA:219,Entity.private$.get_instance
FNDA:280,make$
FNDA:139,self.private$.get_instance
FNDA:48,save$
FNDA:0,native$
FNDA:16,load$
FNDA:26,list$
FNDA:9,remove$
FNDA:0,delete$
FNDA:70,fields$
FNDA:0,close$
FNDA:30,is$
FNDA:918,canon$
FNDA:101,data$
FNDA:3,clone$
FNDA:0,custom$
FNDA:41,entityPromise
FNDA:99,prepareCmd
FNDA:25,emptyQuery
FNDA:51,normalize_query
FNDA:243,parsecanon
FNDA:744,canonstr
FNDA:265,handle_options
FNDA:1,Entity.done$
FNDA:3,make_toString
FNDA:265,MakeEntity
FNDA:4,custom$
DA:1,1
DA:2,1
DA:3,1
DA:4,1
DA:5,1
DA:6,1
DA:7,1
DA:8,1
DA:9,1
DA:10,1
DA:11,1
DA:12,1
DA:13,1
DA:14,1
DA:15,1
DA:16,1
DA:17,1
DA:18,1
DA:19,1
DA:20,1
DA:21,1
DA:22,1
DA:23,1
DA:24,1
DA:25,1
DA:26,99
DA:27,99
DA:28,99
DA:29,99
DA:30,99
DA:31,99
DA:32,99
DA:33,99
DA:34,99
DA:35,99
DA:36,99
DA:37,99
DA:38,99
DA:39,99
DA:40,99
DA:41,99
DA:42,99
DA:43,99
DA:44,1
DA:45,1
DA:46,1
DA:47,1
DA:48,1
DA:49,1
DA:50,1
DA:51,1
DA:52,1
DA:53,1
DA:54,1
DA:55,1
DA:56,1
DA:57,265
DA:58,265
DA:59,265
DA:60,219
DA:61,219
DA:62,265
DA:63,265
DA:64,265
DA:65,265
DA:66,265
DA:67,265
DA:68,265
DA:69,265
DA:70,265
DA:71,265
DA:72,1
DA:73,1
DA:74,1
DA:75,1
DA:76,1
DA:77,1
DA:78,1
DA:79,1
DA:80,1
DA:81,1
DA:82,1
DA:83,1
DA:84,1
DA:85,1
DA:86,1
DA:87,1
DA:88,280
DA:89,280
DA:90,280
DA:91,280
DA:92,280
DA:93,280
DA:94,184
DA:95,184
DA:96,184
DA:97,280
DA:98,280
DA:99,280
DA:100,183
DA:101,183
DA:102,139
DA:103,139
DA:104,183
DA:105,183
DA:106,183
DA:107,280
DA:108,280
DA:109,64
DA:110,64
DA:111,216
DA:112,216
DA:113,216
DA:114,216
DA:115,280
DA:116,146
DA:117,146
DA:118,146
DA:119,216
DA:120,216
DA:121,280
DA:122,547
DA:123,547
DA:124,216
DA:125,216
DA:126,280
DA:127,90
DA:128,280
DA:129,28
DA:130,28
DA:131,28
DA:132,28
DA:133,126
DA:134,98
DA:135,98
DA:136,98
DA:137,98
DA:138,216
DA:139,216
DA:140,216
DA:141,216
DA:142,280
DA:143,280
DA:144,280
DA:145,280
DA:146,280
DA:147,280
DA:148,280
DA:149,280
DA:150,280
DA:151,280
DA:152,280
DA:153,280
DA:154,280
DA:155,280
DA:156,280
DA:157,280
DA:158,280
DA:159,349
DA:160,349
DA:161,226
DA:162,349
DA:163,1
DA:164,1
DA:165,349
DA:166,349
DA:167,216
DA:168,280
DA:169,2
DA:170,2
DA:171,216
DA:172,216
DA:173,32
DA:174,280
DA:175,280
DA:176,280
DA:177,1
DA:178,1
DA:179,1
DA:180,1
DA:181,1
DA:182,1
DA:183,48
DA:184,48
DA:185,48
DA:186,48
DA:187,48
DA:188,48
DA:189,48
DA:190,48
DA:191,48
DA:192,48
DA:193,48
DA:194,48
DA:195,48
DA:196,48
DA:197,1
DA:198,1
DA:199,1
DA:200,1
DA:201,1
DA:202,1
DA:203,1
DA:204,1
DA:205,1
DA:206,0
DA:207,0
DA:208,0
DA:209,0
DA:210,0
DA:211,0
DA:212,0
DA:213,0
DA:214,0
DA:215,0
DA:216,0
DA:217,0
DA:218,0
DA:219,0
DA:220,1
DA:221,1
DA:222,1
DA:223,1
DA:224,1
DA:225,1
DA:226,1
DA:227,1
DA:228,1
DA:229,1
DA:230,16
DA:231,16
DA:232,16
DA:233,3
DA:234,3
DA:235,3
DA:236,16
DA:237,16
DA:238,16
DA:239,16
DA:240,16
DA:241,16
DA:242,16
DA:243,16
DA:244,16
DA:245,16
DA:246,16
DA:247,16
DA:248,16
DA:249,5
DA:250,5
DA:251,5
DA:252,5
DA:253,11
DA:254,11
DA:255,16
DA:256,16
DA:257,16
DA:258,16
DA:259,16
DA:260,16
DA:261,1
DA:262,1
DA:263,1
DA:264,1
DA:265,1
DA:266,1
DA:267,1
DA:268,1
DA:269,1
DA:270,1
DA:271,1
DA:272,1
DA:273,1
DA:274,1
DA:275,1
DA:276,1
DA:277,1
DA:278,1
DA:279,1
DA:280,26
DA:281,26
DA:282,26
DA:283,7
DA:284,7
DA:285,7
DA:286,26
DA:287,26
DA:288,26
DA:289,26
DA:290,26
DA:291,26
DA:292,26
DA:293,26
DA:294,26
DA:295,26
DA:296,26
DA:297,26
DA:298,26
DA:299,26
DA:300,13
DA:301,13
DA:302,13
DA:303,26
DA:304,26
DA:305,26
DA:306,26
DA:307,1
DA:308,1
DA:309,1
DA:310,1
DA:311,1
DA:312,1
DA:313,1
DA:314,1
DA:315,1
DA:316,1
DA:317,1
DA:318,1
DA:319,1
DA:320,1
DA:321,1
DA:322,9
DA:323,9
DA:324,9
DA:325,4
DA:326,4
DA:327,4
DA:328,9
DA:329,9
DA:330,9
DA:331,9
DA:332,9
DA:333,9
DA:334,9
DA:335,9
DA:336,9
DA:337,9
DA:338,9
DA:339,5
DA:340,5
DA:341,5
DA:342,5
DA:343,4
DA:344,4
DA:345,9
DA:346,9
DA:347,9
DA:348,9
DA:349,1
DA:350,1
DA:351,1
DA:352,0
DA:353,0
DA:354,1
DA:355,1
DA:356,1
DA:357,1
DA:358,1
DA:359,1
DA:360,1
DA:361,70
DA:362,70
DA:363,70
DA:364,70
DA:365,406
DA:366,406
DA:367,406
DA:368,174
DA:369,406
DA:370,102
DA:371,102
DA:372,406
DA:373,70
DA:374,70
DA:375,1
DA:376,1
DA:377,1
DA:378,0
DA:379,0
DA:380,0
DA:381,0
DA:382,0
DA:383,0
DA:384,0
DA:385,0
DA:386,0
DA:387,0
DA:388,0
DA:389,0
DA:390,1
DA:391,1
DA:392,30
DA:393,30
DA:394,30
DA:395,30
DA:396,30
DA:397,30
DA:398,30
DA:399,30
DA:400,30
DA:401,30
DA:402,30
DA:403,30
DA:404,30
DA:405,30
DA:406,30
DA:407,30
DA:408,30
DA:409,90
DA:410,90
DA:411,30
DA:412,30
DA:413,30
DA:414,30
DA:415,1
DA:416,1
DA:417,918
DA:418,918
DA:419,918
DA:420,918
DA:421,918
DA:422,646
DA:423,18
DA:424,18
DA:425,18
DA:426,18
DA:427,18
DA:428,18
DA:429,12
DA:430,18
DA:431,646
DA:432,1
DA:433,628
DA:434,0
DA:435,0
DA:436,0
DA:437,0
DA:438,0
DA:439,0
DA:440,0
DA:441,0
DA:442,0
DA:443,0
DA:444,0
DA:445,0
DA:446,0
DA:447,646
DA:448,899
DA:449,918
DA:450,918
DA:451,918
DA:452,918
DA:453,918
DA:454,918
DA:455,918
DA:456,918
DA:457,918
DA:458,156
DA:459,156
DA:460,155
DA:461,155
DA:462,154
DA:463,154
DA:464,2
DA:465,2
DA:466,918
DA:467,1
DA:468,1
DA:469,1
DA:470,101
DA:471,101
DA:472,101
DA:473,101
DA:474,101
DA:475,101
DA:476,101
DA:477,33
DA:478,33
DA:479,43
DA:480,37
DA:481,37
DA:482,0
DA:483,37
DA:484,37
DA:485,37
DA:486,37
DA:487,43
DA:488,33
DA:489,33
DA:490,3
DA:491,3
DA:492,33
DA:493,33
DA:494,0
DA:495,0
DA:496,33
DA:497,33
DA:498,2
DA:499,2
DA:500,33
DA:501,33
DA:502,33
DA:503,68
DA:504,68
DA:505,68
DA:506,68
DA:507,68
DA:508,68
DA:509,68
DA:510,64
DA:511,64
DA:512,64
DA:513,64
DA:514,64
DA:515,64
DA:516,6
DA:517,6
DA:518,64
DA:519,68
DA:520,68
DA:521,68
DA:522,96
DA:523,96
DA:524,96
DA:525,0
DA:526,0
DA:527,96
DA:528,96
DA:529,96
DA:530,95
DA:531,95
DA:532,96
DA:533,96
DA:534,68
DA:535,68
DA:536,68
DA:537,101
DA:538,1
DA:539,1
DA:540,3
DA:541,3
DA:542,3
DA:543,3
DA:544,3
DA:545,1
DA:546,1
DA:547,3
DA:548,3
DA:549,3
DA:550,1
DA:551,1
DA:552,0
DA:553,0
DA:554,1
DA:555,1
DA:556,1
DA:557,1
DA:558,41
DA:559,41
DA:560,41
DA:561,41
DA:562,41
DA:563,41
DA:564,41
DA:565,40
DA:566,40
DA:567,4
DA:568,4
DA:569,4
DA:570,40
DA:571,40
DA:572,41
DA:573,41
DA:574,41
DA:575,41
DA:576,1
DA:577,99
DA:578,99
DA:579,28
DA:580,99
DA:581,1
DA:582,1
DA:583,1
DA:584,1
DA:585,1
DA:586,1
DA:587,99
DA:588,99
DA:589,99
DA:590,1
DA:591,25
DA:592,25
DA:593,25
DA:594,1
DA:595,1
DA:596,51
DA:597,51
DA:598,51
DA:599,51
DA:600,3
DA:601,51
DA:602,7
DA:603,48
DA:604,0
DA:605,0
DA:606,51
DA:607,51
DA:608,51
DA:609,51
DA:610,30
DA:611,32
DA:612,0
DA:613,0
DA:614,32
DA:615,30
DA:616,51
DA:617,51
DA:618,51
DA:619,1
DA:620,1
DA:621,1
DA:622,1
DA:623,243
DA:624,243
DA:625,243
DA:626,243
DA:627,6
DA:628,6
DA:629,6
DA:630,6
DA:631,6
DA:632,6
DA:633,237
DA:634,243
DA:635,231
DA:636,243
DA:637,223
DA:638,223
DA:639,239
DA:640,221
DA:641,221
DA:642,221
DA:643,221
DA:644,221
DA:645,221
DA:646,241
DA:647,2
DA:648,2
DA:649,2
DA:650,2
DA:651,221
DA:652,221
DA:653,221
DA:654,1
DA:655,1
DA:656,744
DA:657,744
DA:658,744
DA:659,744
DA:660,744
DA:661,744
DA:662,744
DA:663,744
DA:664,1
DA:665,1
DA:666,265
DA:667,265
DA:668,265
DA:669,265
DA:670,265
DA:671,0
DA:672,0
DA:673,0
DA:674,0
DA:675,0
DA:676,0
DA:677,0
DA:678,0
DA:679,0
DA:680,0
DA:681,0
DA:682,0
DA:683,0
DA:684,0
DA:685,0
DA:686,0
DA:687,0
DA:688,0
DA:689,0
DA:690,0
DA:691,265
DA:692,265
DA:693,1
DA:694,1
DA:695,1
DA:696,1
DA:697,1
DA:698,1
DA:699,1
DA:700,1
DA:701,1
DA:702,265
DA:703,265
DA:704,265
DA:705,1
DA:706,3
DA:707,3
DA:708,3
DA:709,3
DA:710,3
DA:711,3
DA:712,3
DA:713,3
DA:714,3
DA:715,3
DA:716,3
DA:717,0
DA:718,3
DA:719,0
DA:720,0
DA:721,0
DA:722,0
DA:723,3
DA:724,3
DA:725,3
DA:726,3
DA:727,28
DA:728,28
DA:729,28
DA:730,28
DA:731,28
DA:732,28
DA:733,28
DA:734,28
DA:735,28
DA:736,28
DA:737,28
DA:738,28
DA:739,28
DA:740,28
DA:741,3
DA:742,1
DA:743,265
DA:744,265
DA:745,265
DA:746,265
DA:747,265
DA:748,265
DA:749,265
DA:750,265
DA:751,265
DA:752,265
DA:753,265
DA:754,3
DA:755,3
DA:756,3
DA:757,3
DA:758,3
DA:759,3
DA:760,265
DA:761,265
DA:762,265
DA:763,4
DA:764,4
DA:765,4
DA:766,4
DA:767,4
DA:768,4
DA:769,4
DA:770,4
DA:771,265
DA:772,265
DA:773,265
DA:774,265
DA:775,265
DA:776,265
DA:777,265
DA:778,265
DA:779,265
DA:780,265
DA:781,265
DA:782,265
DA:783,265
DA:784,265
DA:785,265
DA:786,265
DA:787,265
DA:788,1
DA:789,1
DA:790,1
DA:791,1
DA:792,1
LF:792
LH:715
BRDA:26,0,0,99
BRDA:56,1,0,265
BRDA:59,2,0,219
BRDA:87,3,0,280
BRDA:93,4,0,184
BRDA:99,5,0,278
BRDA:99,6,0,183
BRDA:108,7,0,278
BRDA:108,8,0,182
BRDA:108,9,0,64
BRDA:111,10,0,221
BRDA:111,11,0,216
BRDA:115,12,0,214
BRDA:115,13,0,146
BRDA:119,14,0,216
BRDA:121,15,0,547
BRDA:124,16,0,216
BRDA:126,17,0,90
BRDA:128,18,0,126
BRDA:128,19,0,28
BRDA:128,20,0,28
BRDA:133,21,0,98
BRDA:135,22,0,7
BRDA:135,23,0,91
BRDA:138,24,0,275
BRDA:138,25,0,216
BRDA:142,26,0,210
BRDA:142,27,0,6
BRDA:143,28,0,154
BRDA:143,29,0,62
BRDA:146,30,0,213
BRDA:146,31,0,3
BRDA:147,32,0,201
BRDA:147,33,0,15
BRDA:150,34,0,17
BRDA:150,35,0,199
BRDA:151,36,0,154
BRDA:151,37,0,62
BRDA:152,38,0,201
BRDA:152,39,0,15
BRDA:158,40,0,349
BRDA:160,41,0,226
BRDA:162,42,0,123
BRDA:162,43,0,1
BRDA:167,44,0,216
BRDA:168,45,0,2
BRDA:171,46,0,216
BRDA:172,47,0,32
BRDA:101,48,0,139
BRDA:182,49,0,48
BRDA:190,50,0,22
BRDA:193,51,0,17
BRDA:194,52,0,31
BRDA:194,53,0,0
BRDA:229,54,0,16
BRDA:232,55,0,3
BRDA:245,56,0,10
BRDA:248,57,0,5
BRDA:250,58,0,1
BRDA:251,59,0,4
BRDA:253,60,0,11
BRDA:255,61,0,8
BRDA:256,62,0,3
BRDA:256,63,0,0
BRDA:279,64,0,26
BRDA:282,65,0,7
BRDA:295,66,0,14
BRDA:298,67,0,13
BRDA:299,68,0,13
BRDA:301,69,0,0
BRDA:321,70,0,9
BRDA:324,71,0,4
BRDA:335,72,0,5
BRDA:338,73,0,5
BRDA:340,74,0,1
BRDA:341,75,0,4
BRDA:343,76,0,4
BRDA:345,77,0,3
BRDA:346,78,0,1
BRDA:346,79,0,0
BRDA:360,80,0,70
BRDA:364,81,0,406
BRDA:366,82,0,174
BRDA:367,83,0,174
BRDA:369,84,0,102
BRDA:391,85,0,30
BRDA:396,86,0,6
BRDA:397,87,0,24
BRDA:398,88,0,0
BRDA:400,89,0,0
BRDA:408,90,0,90
BRDA:416,91,0,918
BRDA:421,92,0,646
BRDA:422,93,0,18
BRDA:427,94,0,15
BRDA:428,95,0,12
BRDA:431,96,0,628
BRDA:431,97,0,1
BRDA:433,98,0,627
BRDA:433,99,0,0
BRDA:448,100,0,899
BRDA:449,101,0,627
BRDA:449,102,0,157
BRDA:456,103,0,743
BRDA:456,104,0,471
BRDA:456,105,0,1
BRDA:456,106,0,742
BRDA:457,107,0,156
BRDA:458,108,0,1
BRDA:459,109,0,155
BRDA:460,110,0,1
BRDA:461,111,0,154
BRDA:462,112,0,152
BRDA:463,113,0,2
BRDA:464,114,0,1
BRDA:465,115,0,1
BRDA:469,116,0,101
BRDA:476,117,0,79
BRDA:476,118,0,33
BRDA:478,119,0,43
BRDA:479,120,0,37
BRDA:481,121,0,34
BRDA:481,122,0,0
BRDA:481,123,0,0
BRDA:489,124,0,3
BRDA:493,125,0,0
BRDA:497,126,0,2
BRDA:503,127,0,68
BRDA:506,128,0,18
BRDA:506,129,0,50
BRDA:509,130,0,64
BRDA:510,131,0,18
BRDA:515,132,0,6
BRDA:521,133,0,96
BRDA:524,134,0,88
BRDA:524,135,0,1
BRDA:524,136,0,0
BRDA:529,137,0,95
BRDA:539,138,0,3
BRDA:544,139,0,1
BRDA:558,140,0,41
BRDA:559,141,0,4
BRDA:559,142,0,37
BRDA:560,143,0,41
BRDA:561,144,0,41
BRDA:563,145,0,1
BRDA:563,146,0,0
BRDA:564,147,0,40
BRDA:566,148,0,4
BRDA:566,149,0,2
BRDA:566,150,0,2
BRDA:566,151,0,2
BRDA:567,152,0,1
BRDA:568,153,0,3
BRDA:568,154,0,2
BRDA:570,155,0,36
BRDA:577,156,0,99
BRDA:578,157,0,28
BRDA:580,158,0,71
BRDA:580,159,0,1
BRDA:580,160,0,1
BRDA:588,161,0,46
BRDA:588,162,0,53
BRDA:588,163,0,1
BRDA:588,164,0,52
BRDA:591,165,0,25
BRDA:592,166,0,15
BRDA:596,167,0,51
BRDA:599,168,0,29
BRDA:599,169,0,22
BRDA:599,170,0,3
BRDA:601,171,0,48
BRDA:601,172,0,42
BRDA:601,173,0,7
BRDA:602,174,0,2
BRDA:602,175,0,5
BRDA:603,176,0,41
BRDA:603,177,0,0
BRDA:609,178,0,30
BRDA:610,179,0,32
BRDA:611,180,0,0
BRDA:623,181,0,243
BRDA:626,182,0,6
BRDA:633,183,0,237
BRDA:634,184,0,228
BRDA:634,185,0,6
BRDA:634,186,0,6
BRDA:635,187,0,231
BRDA:636,188,0,8
BRDA:637,189,0,241
BRDA:637,190,0,239
BRDA:637,191,0,223
BRDA:639,192,0,221
BRDA:640,193,0,104
BRDA:640,194,0,117
BRDA:641,195,0,104
BRDA:641,196,0,117
BRDA:643,197,0,95
BRDA:643,198,0,126
BRDA:644,199,0,71
BRDA:644,200,0,150
BRDA:645,201,0,3
BRDA:645,202,0,218
BRDA:646,203,0,2
BRDA:651,204,0,221
BRDA:656,205,0,744
BRDA:657,206,0,0
BRDA:659,207,0,40
BRDA:659,208,0,704
BRDA:659,209,0,40
BRDA:660,210,0,163
BRDA:660,211,0,581
BRDA:660,212,0,163
BRDA:661,213,0,623
BRDA:661,214,0,121
BRDA:661,215,0,623
BRDA:666,216,0,265
BRDA:667,217,0,0
BRDA:670,218,0,0
BRDA:692,219,0,216
BRDA:692,220,0,49
BRDA:692,221,0,1
BRDA:694,222,0,1
BRDA:696,223,0,0
BRDA:697,224,0,1
BRDA:706,225,0,3
BRDA:716,226,0,0
BRDA:718,227,0,0
BRDA:718,228,0,0
BRDA:726,229,0,28
BRDA:743,230,0,265
BRDA:753,231,0,3
BRDA:762,232,0,4
BRDA:765,233,0,1
BRF:234
BRH:213
end_of_record
TN:
SF:src/lib/store.ts
FN:5,Store
FN:8,make_tag
FN:19,init
FN:141,reify_entity_wrap
FN:148,outfunc
FNF:5
FNH:5
FNDA:55,Store
FNDA:57,make_tag
FNDA:57,init
FNDA:344,reify_entity_wrap
FNDA:108,outfunc
DA:1,1
DA:2,1
DA:3,1
DA:4,1
DA:5,55
DA:6,55
DA:7,55
DA:8,55
DA:9,57
DA:10,57
DA:11,57
DA:12,55
DA:13,55
DA:14,55
DA:15,55
DA:16,55
DA:17,55
DA:18,55
DA:19,55
DA:20,57
DA:21,57
DA:22,57
DA:23,3
DA:24,3
DA:25,3
DA:26,3
DA:27,3
DA:28,3
DA:29,3
DA:30,57
DA:31,54
DA:32,54
DA:33,57
DA:34,57
DA:35,57
DA:36,57
DA:37,57
DA:38,57
DA:39,57
DA:40,57
DA:41,57
DA:42,57
DA:43,57
DA:44,57
DA:45,57
DA:46,57
DA:47,57
DA:48,57
DA:49,57
DA:50,57
DA:51,57
DA:52,57
DA:53,57
DA:54,57
DA:55,57
DA:56,57
DA:57,57
DA:58,57
DA:59,56
DA:60,56
DA:61,56
DA:62,57
DA:63,0
DA:64,0
DA:65,1
DA:66,1
DA:67,1
DA:68,57
DA:69,57
DA:70,57
DA:71,57
DA:72,57
DA:73,57
DA:74,57
DA:75,57
DA:76,57
DA:77,57
DA:78,57
DA:79,342
DA:80,342
DA:81,342
DA:82,342
DA:83,342
DA:84,0
DA:85,0
DA:86,0
DA:87,0
DA:88,0
DA:89,342
DA:90,342
DA:91,342
DA:92,342
DA:93,342
DA:94,342
DA:95,342
DA:96,342
DA:97,0
DA:98,0
DA:99,342
DA:100,342
DA:101,285
DA:102,342
DA:103,57
DA:104,57
DA:105,57
DA:106,13
DA:107,13
DA:108,13
DA:109,13
DA:110,13
DA:111,13
DA:112,13
DA:113,13
DA:114,13
DA:115,13
DA:116,0
DA:117,0
DA:118,13
DA:119,57
DA:120,57
DA:121,57
DA:122,57
DA:123,57
DA:124,57
DA:125,57
DA:126,0
DA:127,57
DA:128,57
DA:129,57
DA:130,57
DA:131,57
DA:132,57
DA:133,55
DA:134,55
DA:135,55
DA:136,55
DA:137,55
DA:138,1
DA:139,1
DA:140,1
DA:141,1
DA:142,344
DA:143,344
DA:144,344
DA:145,344
DA:146,344
DA:147,344
DA:148,344
DA:149,108
DA:150,61
DA:151,26
DA:152,26
DA:153,26
DA:154,4
DA:155,4
DA:156,4
DA:157,26
DA:158,61
DA:159,61
DA:160,18
DA:161,18
DA:162,18
DA:163,18
DA:164,18
DA:165,18
DA:166,18
DA:167,18
DA:168,61
DA:169,108
DA:170,108
DA:171,3
DA:172,3
DA:173,3
DA:174,3
DA:175,3
DA:176,3
DA:177,3
DA:178,3
DA:179,108
DA:180,108
DA:181,108
DA:182,344
DA:183,344
DA:184,344
DA:185,344
DA:186,344
DA:187,344
DA:188,344
DA:189,344
DA:190,344
DA:191,344
DA:192,344
DA:193,1
DA:194,1
DA:195,1
DA:196,1
LF:196
LH:184
BRDA:5,0,0,55
BRDA:8,1,0,57
BRDA:9,2,0,53
BRDA:19,3,0,57
BRDA:22,4,0,3
BRDA:30,5,0,54
BRDA:41,6,0,0
BRDA:43,7,0,0
BRDA:58,8,0,56
BRDA:62,9,0,1
BRDA:62,10,0,0
BRDA:69,11,0,56
BRDA:69,12,0,1
BRDA:70,13,0,56
BRDA:70,14,0,1
BRDA:71,15,0,54
BRDA:71,16,0,3
BRDA:74,17,0,3
BRDA:75,18,0,0
BRDA:76,19,0,0
BRDA:125,20,0,0
BRDA:78,21,0,342
BRDA:83,22,0,0
BRDA:96,23,0,0
BRDA:100,24,0,285
BRDA:102,25,0,57
BRDA:105,26,0,13
BRDA:115,27,0,0
BRDA:109,28,0,13
BRDA:110,29,0,0
BRDA:141,30,0,344
BRDA:187,31,0,0
BRDA:188,32,0,0
BRDA:189,33,0,326
BRDA:189,34,0,18
BRDA:148,35,0,108
BRDA:149,36,0,61
BRDA:150,37,0,26
BRDA:153,38,0,4
BRDA:159,39,0,18
BRDA:170,40,0,87
BRDA:170,41,0,3
BRF:42
BRH:30
end_of_record
TN:
SF:src/lib/types.ts
FN:1,(empty-report)
FNF:1
FNH:0
FNDA:0,(empty-report)
DA:1,0
DA:2,0
DA:3,0
DA:4,0
DA:5,0
DA:6,0
DA:7,0
DA:8,0
DA:9,0
DA:10,0
DA:11,0
DA:12,0
DA:13,0
DA:14,0
DA:15,0
LF:15
LH:0
BRDA:1,0,0,0
BRF:1
BRH:0
end_of_record
