TN:
SF:src/entity.ts
FN:43,entity
FN:51,preload
FN:70,entity_act_err
FN:118,seneca.private$.exports.Entity.log$
FN:127,build_api_make
FN:129,entityAPI
FN:137,entityAPI.instance
FN:144,entityAPI.state
FN:150,entityAPI.begin
FN:172,result
FN:214,entityAPI.end
FN:230,get_transaction
FN:234,result
FN:254,entityAPI.rollback
FN:297,entityAPI.adopt
FN:450,generate_id
FN:474,get_state
FNF:17
FNH:12
FNDA:55,entity
FNDA:55,preload
FNDA:0,entity_act_err
FNDA:33,seneca.private$.exports.Entity.log$
FNDA:110,build_api_make
FNDA:199,entityAPI
FNDA:0,entityAPI.instance
FNDA:9,entityAPI.state
FNDA:1,entityAPI.begin
FNDA:1,result
FNDA:1,entityAPI.end
FNDA:0,get_transaction
FNDA:1,result
FNDA:0,entityAPI.rollback
FNDA:0,entityAPI.adopt
FNDA:43,generate_id
FNDA:11,get_state
DA:1,1
DA:2,1
DA:3,1
DA:4,1
DA:5,1
DA:6,1
DA:7,1
DA:8,1
DA:9,1
DA:10,1
DA:11,1
DA:12,1
DA:13,1
DA:14,1
DA:15,1
DA:16,1
DA:17,1
DA:18,1
DA:19,1
DA:20,1
DA:21,1
DA:22,1
DA:23,1
DA:24,1
DA:25,1
DA:26,1
DA:27,1
DA:28,1
DA:29,1
DA:30,1
DA:31,1
DA:32,1
DA:33,1
DA:34,1
DA:35,1
DA:36,1
DA:37,1
DA:38,1
DA:39,1
DA:40,1
DA:41,1
DA:42,1
DA:43,55
DA:44,55
DA:45,55
DA:46,55
DA:47,55
DA:48,1
DA:49,1
DA:50,1
DA:51,55
DA:52,55
DA:53,55
DA:54,55
DA:55,55
DA:56,55
DA:57,55
DA:58,55
DA:59,55
DA:60,55
DA:61,55
DA:62,55
DA:63,55
DA:64,55
DA:65,55
DA:66,55
DA:67,55
DA:68,1
DA:69,1
DA:70,1
DA:71,0
DA:72,0
DA:73,0
DA:74,0
DA:75,0
DA:76,0
DA:77,0
DA:78,0
DA:79,0
DA:80,0
DA:81,0
DA:82,0
DA:83,0
DA:84,0
DA:85,0
DA:86,0
DA:87,0
DA:88,0
DA:89,0
DA:90,0
DA:91,0
DA:92,0
DA:93,0
DA:94,0
DA:95,0
DA:96,0
DA:97,0
DA:98,0
DA:99,0
DA:100,0
DA:101,0
DA:102,1
DA:103,1
DA:104,55
DA:105,55
DA:106,55
DA:107,55
DA:108,55
DA:109,55
DA:110,55
DA:111,55
DA:112,55
DA:113,55
DA:114,55
DA:115,55
DA:116,55
DA:117,55
DA:118,1
DA:119,33
DA:120,33
DA:121,33
DA:122,33
DA:123,1
DA:124,55
DA:125,55
DA:126,55
DA:127,55
DA:128,110
DA:129,110
DA:130,199
DA:131,199
DA:132,199
DA:133,199
DA:134,110
DA:135,110
DA:136,110
DA:137,110
DA:138,0
DA:139,0
DA:140,0
DA:141,0
DA:142,110
DA:143,110
DA:144,110
DA:145,9
DA:146,9
DA:147,9
DA:148,110
DA:149,110
DA:150,110
DA:151,1
DA:152,1
DA:153,1
DA:154,1
DA:155,1
DA:156,0
DA:157,0
DA:158,1
DA:159,1
DA:160,1
DA:161,1
DA:162,1
DA:163,1
DA:164,1
DA:165,0
DA:166,0
DA:167,0
DA:168,0
DA:169,0
DA:170,1
DA:171,1
DA:172,1
DA:173,1
DA:174,1
DA:175,1
DA:176,1
DA:177,1
DA:178,1
DA:179,1
DA:180,1
DA:181,1
DA:182,1
DA:183,1
DA:184,1
DA:185,1
DA:186,1
DA:187,1
DA:188,1
DA:189,1
DA:190,1
DA:191,1
DA:192,1
DA:193,1
DA:194,1
DA:195,1
DA:196,1
DA:197,1
DA:198,1
DA:199,1
DA:200,1
DA:201,1
DA:202,1
DA:203,1
DA:204,1
DA:205,1
DA:206,1
DA:207,1
DA:208,1
DA:209,1
DA:210,1
DA:211,1
DA:212,110
DA:213,110
DA:214,110
DA:215,1
DA:216,0
DA:217,0
DA:218,1
DA:219,1
DA:220,1
DA:221,1
DA:222,1
DA:223,1
DA:224,1
DA:225,1
DA:226,0
DA:227,0
DA:228,0
DA:229,1
DA:230,1
DA:231,1
DA:232,1
DA:233,1
DA:234,1
DA:235,1
DA:236,1
DA:237,1
DA:238,1
DA:239,1
DA:240,1
DA:241,1
DA:242,1
DA:243,1
DA:244,1
DA:245,1
DA:246,1
DA:247,1
DA:248,1
DA:249,1
DA:250,1
DA:251,1
DA:252,110
DA:253,110
DA:254,110
DA:255,0
DA:256,0
DA:257,0
DA:258,0
DA:259,0
DA:260,0
DA:261,0
DA:262,0
DA:263,0
DA:264,0
DA:265,0
DA:266,0
DA:267,0
DA:268,0
DA:269,0
DA:270,0
DA:271,0
DA:272,0
DA:273,0
DA:274,0
DA:275,0
DA:276,0
DA:277,0
DA:278,0
DA:279,0
DA:280,0
DA:281,0
DA:282,0
DA:283,0
DA:284,0
DA:285,0
DA:286,0
DA:287,0
DA:288,0
DA:289,0
DA:290,0
DA:291,0
DA:292,0
DA:293,0
DA:294,0
DA:295,110
DA:296,110
DA:297,110
DA:298,0
DA:299,0
DA:300,0
DA:301,0
DA:302,0
DA:303,0
DA:304,0
DA:305,0
DA:306,0
DA:307,0
DA:308,0
DA:309,0
DA:310,0
DA:311,0
DA:312,0
DA:313,0
DA:314,0
DA:315,0
DA:316,0
DA:317,0
DA:318,0
DA:319,0
DA:320,0
DA:321,0
DA:322,0
DA:323,0
DA:324,0
DA:325,0
DA:326,0
DA:327,0
DA:328,0
DA:329,0
DA:330,0
DA:331,0
DA:332,0
DA:333,0
DA:334,0
DA:335,0
DA:336,0
DA:337,0
DA:338,0
DA:339,0
DA:340,0
DA:341,0
DA:342,0
DA:343,0
DA:344,0
DA:345,0
DA:346,0
DA:347,0
DA:348,0
DA:349,0
DA:350,0
DA:351,0
DA:352,0
DA:353,0
DA:354,0
DA:355,0
DA:356,0
DA:357,0
DA:358,0
DA:359,0
DA:360,0
DA:361,0
DA:362,0
DA:363,110
DA:364,110
DA:365,110
DA:366,55
DA:367,55
DA:368,55
DA:369,55
DA:370,55
DA:371,55
DA:372,49
DA:373,49
DA:374,55
DA:375,55
DA:376,49
DA:377,49
DA:378,55
DA:379,55
DA:380,49
DA:381,49
DA:382,55
DA:383,55
DA:384,55
DA:385,55
DA:386,49
DA:387,49
DA:388,55
DA:389,55
DA:390,55
DA:391,55
DA:392,55
DA:393,55
DA:394,55
DA:395,55
DA:396,52
DA:397,52
DA:398,55
DA:399,55
DA:400,55
DA:401,55
DA:402,55
DA:403,55
DA:404,55
DA:405,55
DA:406,55
DA:407,55
DA:408,55
DA:409,55
DA:410,55
DA:411,3
DA:412,3
DA:413,3
DA:414,3
DA:415,3
DA:416,3
DA:417,3
DA:418,3
DA:419,3
DA:420,55
DA:421,1
DA:422,1
DA:423,1
DA:424,1
DA:425,1
DA:426,1
DA:427,1
DA:428,1
DA:429,1
DA:430,1
DA:431,55
DA:432,55
DA:433,55
DA:434,55
DA:435,55
DA:436,55
DA:437,55
DA:438,55
DA:439,55
DA:440,55
DA:441,1
DA:442,1
DA:443,1
DA:444,1
DA:445,1
DA:446,1
DA:447,1
DA:448,1
DA:449,1
DA:450,43
DA:451,43
DA:452,43
DA:453,43
DA:454,43
DA:455,43
DA:456,43
DA:457,41
DA:458,41
DA:459,41
DA:460,41
DA:461,41
DA:462,41
DA:463,40
DA:464,41
DA:465,1
DA:466,1
DA:467,41
DA:468,43
DA:469,43
DA:470,43
DA:471,1
DA:472,1
DA:473,1
DA:474,11
DA:475,11
DA:476,11
DA:477,11
DA:478,11
DA:479,11
DA:480,11
DA:481,11
DA:482,11
DA:483,11
DA:484,11
DA:485,11
DA:486,11
DA:487,11
DA:488,11
DA:489,11
DA:490,11
DA:491,1
DA:492,1
DA:493,1
DA:494,1
DA:495,1
DA:496,1
DA:497,1
DA:498,1
DA:499,1
LF:499
LH:347
BRDA:43,0,0,55
BRDA:51,1,0,55
BRDA:67,2,0,1
BRDA:105,3,0,3
BRDA:111,4,0,49
BRDA:115,5,0,49
BRDA:117,6,0,1
BRDA:371,7,0,49
BRDA:375,8,0,49
BRDA:379,9,0,49
BRDA:385,10,0,6
BRDA:385,11,0,49
BRDA:395,12,0,52
BRDA:410,13,0,3
BRDA:420,14,0,52
BRDA:420,15,0,1
BRDA:118,16,0,33
BRDA:127,17,0,110
BRDA:129,18,0,199
BRDA:144,19,0,9
BRDA:150,20,0,1
BRDA:155,21,0,0
BRDA:164,22,0,0
BRDA:164,23,0,0
BRDA:172,24,0,1
BRDA:174,25,0,0
BRDA:175,26,0,1
BRDA:176,27,0,0
BRDA:214,28,0,1
BRDA:215,29,0,0
BRDA:225,30,0,0
BRDA:234,31,0,1
BRDA:242,32,0,1
BRDA:243,33,0,0
BRDA:450,34,0,43
BRDA:454,35,0,2
BRDA:454,36,0,41
BRDA:456,37,0,41
BRDA:459,38,0,37
BRDA:459,39,0,36
BRDA:460,40,0,4
BRDA:462,41,0,40
BRDA:463,42,0,6
BRDA:464,43,0,1
BRDA:469,44,0,1
BRDA:469,45,0,42
BRDA:474,46,0,11
BRDA:481,47,0,7
BRDA:481,48,0,4
BRDA:481,49,0,7
BRDA:481,50,0,4
BRDA:481,51,0,7
BRF:52
BRH:44
end_of_record
TN:
SF:src/types.ts
FN:1,(empty-report)
FNF:1
FNH:0
FNDA:0,(empty-report)
DA:1,0
DA:2,0
DA:3,0
DA:4,0
DA:5,0
DA:6,0
DA:7,0
LF:7
LH:0
BRDA:1,0,0,0
BRF:1
BRH:0
end_of_record
TN:
SF:src/lib/make_entity.ts
FN:23,entargs
FN:57,Entity
FN:53,get_instance
FN:60,Entity.private$.get_instance
FN:88,make$
FN:187,save$
FN:210,native$
FN:234,load$
FN:284,list$
FN:326,remove$
FN:356,delete$
FN:365,fields$
FN:382,close$
FN:396,is$
FN:421,canon$
FN:474,data$
FN:544,clone$
FN:556,custom$
FN:563,entityPromise
FN:582,prepareCmd
FN:596,emptyQuery
FN:601,normalize_query
FN:628,parsecanon
FN:660,canonstr
FN:669,handle_options
FN:697,Entity.done$
FN:709,make_toString
FN:746,MakeEntity
FN:765,custom$
FN:795,jsonic_strify
FN:868,jsonic_stringify
FNF:31
FNH:26
FNDA:100,entargs
FNDA:279,Entity
FNDA:0,get_instance
FNDA:449,Entity.private$.get_instance
FNDA:296,make$
FNDA:49,save$
FNDA:0,native$
FNDA:16,load$
FNDA:26,list$
FNDA:9,remove$
FNDA:0,delete$
FNDA:71,fields$
FNDA:0,close$
FNDA:30,is$
FNDA:949,canon$
FNDA:103,data$
FNDA:3,clone$
FNDA:0,custom$
FNDA:41,entityPromise
FNDA:100,prepareCmd
FNDA:25,emptyQuery
FNDA:51,normalize_query
FNDA:266,parsecanon
FNDA:784,canonstr
FNDA:279,handle_options
FNDA:1,Entity.done$
FNDA:3,make_toString
FNDA:279,MakeEntity
FNDA:4,custom$
FNDA:387,jsonic_strify
FNDA:28,jsonic_stringify
DA:1,1
DA:2,1
DA:3,1
DA:4,1
DA:5,1
DA:6,1
DA:7,1
DA:8,1
DA:9,1
DA:10,1
DA:11,1
DA:12,1
DA:13,1
DA:14,1
DA:15,1
DA:16,1
DA:17,1
DA:18,1
DA:19,1
DA:20,1
DA:21,1
DA:22,1
DA:23,100
DA:24,100
DA:25,100
DA:26,100
DA:27,100
DA:28,100
DA:29,100
DA:30,100
DA:31,100
DA:32,100
DA:33,100
DA:34,100
DA:35,100
DA:36,100
DA:37,100
DA:38,100
DA:39,100
DA:40,100
DA:41,1
DA:42,1
DA:43,1
DA:44,1
DA:45,1
DA:46,1
DA:47,1
DA:48,1
DA:49,1
DA:50,1
DA:51,1
DA:52,1
DA:53,1
DA:54,1
DA:55,1
DA:56,1
DA:57,1
DA:58,279
DA:59,279
DA:60,279
DA:61,449
DA:62,449
DA:63,279
DA:64,279
DA:65,279
DA:66,279
DA:67,279
DA:68,279
DA:69,279
DA:70,279
DA:71,279
DA:72,279
DA:73,1
DA:74,1
DA:75,1
DA:76,1
DA:77,1
DA:78,1
DA:79,1
DA:80,1
DA:81,1
DA:82,1
DA:83,1
DA:84,1
DA:85,1
DA:86,1
DA:87,1
DA:88,1
DA:89,296
DA:90,296
DA:91,296
DA:92,296
DA:93,296
DA:94,296
DA:95,199
DA:96,199
DA:97,199
DA:98,296
DA:99,296
DA:100,296
DA:101,296
DA:102,296
DA:103,192
DA:104,192
DA:105,192
DA:106,192
DA:107,192
DA:108,192
DA:109,192
DA:110,192
DA:111,296
DA:112,296
DA:113,66
DA:114,66
DA:115,230
DA:116,230
DA:117,230
DA:118,230
DA:119,296
DA:120,148
DA:121,148
DA:122,148
DA:123,230
DA:124,230
DA:125,296
DA:126,582
DA:127,582
DA:128,230
DA:129,230
DA:130,296
DA:131,91
DA:132,296
DA:133,29
DA:134,29
DA:135,29
DA:136,29
DA:137,139
DA:138,110
DA:139,110
DA:140,110
DA:141,110
DA:142,230
DA:143,230
DA:144,230
DA:145,230
DA:146,296
DA:147,296
DA:148,296
DA:149,296
DA:150,296
DA:151,296
DA:152,296
DA:153,296
DA:154,296
DA:155,296
DA:156,296
DA:157,296
DA:158,296
DA:159,296
DA:160,296
DA:161,296
DA:162,296
DA:163,296
DA:164,353
DA:165,353
DA:166,228
DA:167,351
DA:168,1
DA:169,1
DA:170,353
DA:171,353
DA:172,230
DA:173,296
DA:174,2
DA:175,2
DA:176,230
DA:177,230
DA:178,32
DA:179,296
DA:180,296
DA:181,296
DA:182,1
DA:183,1
DA:184,1
DA:185,1
DA:186,1
DA:187,1
DA:188,49
DA:189,49
DA:190,49
DA:191,49
DA:192,49
DA:193,49
DA:194,49
DA:195,49
DA:196,49
DA:197,49
DA:198,49
DA:199,49
DA:200,49
DA:201,49
DA:202,1
DA:203,1
DA:204,1
DA:205,1
DA:206,1
DA:207,1
DA:208,1
DA:209,1
DA:210,1
DA:211,0
DA:212,0
DA:213,0
DA:214,0
DA:215,0
DA:216,0
DA:217,0
DA:218,0
DA:219,0
DA:220,0
DA:221,0
DA:222,0
DA:223,0
DA:224,0
DA:225,1
DA:226,1
DA:227,1
DA:228,1
DA:229,1
DA:230,1
DA:231,1
DA:232,1
DA:233,1
DA:234,1
DA:235,16
DA:236,16
DA:237,16
DA:238,3
DA:239,3
DA:240,3
DA:241,16
DA:242,16
DA:243,16
DA:244,16
DA:245,16
DA:246,16
DA:247,16
DA:248,16
DA:249,16
DA:250,16
DA:251,16
DA:252,16
DA:253,16
DA:254,5
DA:255,5
DA:256,5
DA:257,5
DA:258,11
DA:259,11
DA:260,16
DA:261,16
DA:262,16
DA:263,16
DA:264,16
DA:265,16
DA:266,1
DA:267,1
DA:268,1
DA:269,1
DA:270,1
DA:271,1
DA:272,1
DA:273,1
DA:274,1
DA:275,1
DA:276,1
DA:277,1
DA:278,1
DA:279,1
DA:280,1
DA:281,1
DA:282,1
DA:283,1
DA:284,1
DA:285,26
DA:286,26
DA:287,26
DA:288,7
DA:289,7
DA:290,7
DA:291,26
DA:292,26
DA:293,26
DA:294,26
DA:295,26
DA:296,26
DA:297,26
DA:298,26
DA:299,26
DA:300,26
DA:301,26
DA:302,26
DA:303,26
DA:304,26
DA:305,13
DA:306,13
DA:307,13
DA:308,26
DA:309,26
DA:310,26
DA:311,26
DA:312,1
DA:313,1
DA:314,1
DA:315,1
DA:316,1
DA:317,1
DA:318,1
DA:319,1
DA:320,1
DA:321,1
DA:322,1
DA:323,1
DA:324,1
DA:325,1
DA:326,1
DA:327,9
DA:328,9
DA:329,9
DA:330,4
DA:331,4
DA:332,4
DA:333,9
DA:334,9
DA:335,9
DA:336,9
DA:337,9
DA:338,9
DA:339,9
DA:340,9
DA:341,9
DA:342,9
DA:343,9
DA:344,5
DA:345,5
DA:346,5
DA:347,5
DA:348,4
DA:349,4
DA:350,9
DA:351,9
DA:352,9
DA:353,9
DA:354,1
DA:355,1
DA:356,1
DA:357,0
DA:358,0
DA:359,1
DA:360,1
DA:361,1
DA:362,1
DA:363,1
DA:364,1
DA:365,1
DA:366,71
DA:367,71
DA:368,71
DA:369,71
DA:370,411
DA:371,411
DA:372,411
DA:373,176
DA:374,411
DA:375,103
DA:376,103
DA:377,411
DA:378,71
DA:379,71
DA:380,1
DA:381,1
DA:382,1
DA:383,0
DA:384,0
DA:385,0
DA:386,0
DA:387,0
DA:388,0
DA:389,0
DA:390,0
DA:391,0
DA:392,0
DA:393,0
DA:394,0
DA:395,1
DA:396,1
DA:397,30
DA:398,30
DA:399,30
DA:400,30
DA:401,30
DA:402,30
DA:403,30
DA:404,30
DA:405,30
DA:406,30
DA:407,30
DA:408,30
DA:409,30
DA:410,30
DA:411,30
DA:412,30
DA:413,30
DA:414,90
DA:415,90
DA:416,30
DA:417,30
DA:418,30
DA:419,30
DA:420,1
DA:421,1
DA:422,949
DA:423,949
DA:424,949
DA:425,949
DA:426,949
DA:427,663
DA:428,18
DA:429,18
DA:430,18
DA:431,18
DA:432,18
DA:433,18
DA:434,12
DA:435,18
DA:436,663
DA:437,1
DA:438,645
DA:439,0
DA:440,0
DA:441,0
DA:442,0
DA:443,0
DA:444,0
DA:445,0
DA:446,0
DA:447,0
DA:448,0
DA:449,0
DA:450,0
DA:451,0
DA:452,663
DA:453,930
DA:454,949
DA:455,949
DA:456,773
DA:457,773
DA:458,773
DA:459,773
DA:460,773
DA:461,773
DA:462,949
DA:463,157
DA:464,157
DA:465,156
DA:466,156
DA:467,155
DA:468,155
DA:469,2
DA:470,2
DA:471,949
DA:472,1
DA:473,1
DA:474,1
DA:475,103
DA:476,103
DA:477,103
DA:478,103
DA:479,103
DA:480,103
DA:481,103
DA:482,34
DA:483,34
DA:484,44
DA:485,38
DA:486,38
DA:487,0
DA:488,38
DA:489,38
DA:490,38
DA:491,38
DA:492,44
DA:493,34
DA:494,34
DA:495,3
DA:496,3
DA:497,34
DA:498,34
DA:499,0
DA:500,0
DA:501,34
DA:502,34
DA:503,2
DA:504,2
DA:505,34
DA:506,34
DA:507,34
DA:508,69
DA:509,69
DA:510,69
DA:511,69
DA:512,69
DA:513,69
DA:514,69
DA:515,65
DA:516,65
DA:517,65
DA:518,65
DA:519,65
DA:520,65
DA:521,6
DA:522,6
DA:523,65
DA:524,69
DA:525,69
DA:526,69
DA:527,97
DA:528,97
DA:529,97
DA:530,0
DA:531,0
DA:532,97
DA:533,97
DA:534,97
DA:535,96
DA:536,96
DA:537,97
DA:538,97
DA:539,69
DA:540,69
DA:541,69
DA:542,103
DA:543,1
DA:544,1
DA:545,3
DA:546,3
DA:547,3
DA:548,3
DA:549,3
DA:550,1
DA:551,1
DA:552,3
DA:553,3
DA:554,3
DA:555,1
DA:556,1
DA:557,0
DA:558,0
DA:559,1
DA:560,1
DA:561,1
DA:562,1
DA:563,41
DA:564,41
DA:565,41
DA:566,41
DA:567,41
DA:568,41
DA:569,41
DA:570,40
DA:571,40
DA:572,4
DA:573,4
DA:574,4
DA:575,40
DA:576,40
DA:577,41
DA:578,41
DA:579,41
DA:580,41
DA:581,1
DA:582,100
DA:583,100
DA:584,28
DA:585,100
DA:586,2
DA:587,2
DA:588,2
DA:589,2
DA:590,2
DA:591,2
DA:592,100
DA:593,100
DA:594,100
DA:595,1
DA:596,25
DA:597,25
DA:598,25
DA:599,1
DA:600,1
DA:601,51
DA:602,51
DA:603,51
DA:604,51
DA:605,3
DA:606,51
DA:607,7
DA:608,48
DA:609,0
DA:610,0
DA:611,51
DA:612,51
DA:613,51
DA:614,51
DA:615,30
DA:616,32
DA:617,0
DA:618,0
DA:619,32
DA:620,30
DA:621,51
DA:622,51
DA:623,51
DA:624,1
DA:625,1
DA:626,1
DA:627,1
DA:628,266
DA:629,266
DA:630,266
DA:631,266
DA:632,6
DA:633,6
DA:634,6
DA:635,6
DA:636,6
DA:637,6
DA:638,260
DA:639,266
DA:640,254
DA:641,266
DA:642,225
DA:643,225
DA:644,241
DA:645,223
DA:646,223
DA:647,223
DA:648,223
DA:649,223
DA:650,223
DA:651,266
DA:652,2
DA:653,2
DA:654,2
DA:655,2
DA:656,223
DA:657,223
DA:658,223
DA:659,1
DA:660,784
DA:661,784
DA:662,784
DA:663,784
DA:664,784
DA:665,784
DA:666,784
DA:667,784
DA:668,1
DA:669,279
DA:670,279
DA:671,279
DA:672,279
DA:673,279
DA:674,0
DA:675,0
DA:676,0
DA:677,0
DA:678,0
DA:679,0
DA:680,0
DA:681,0
DA:682,0
DA:683,0
DA:684,0
DA:685,0
DA:686,0
DA:687,0
DA:688,0
DA:689,0
DA:690,0
DA:691,0
DA:692,0
DA:693,0
DA:694,279
DA:695,279
DA:696,1
DA:697,1
DA:698,1
DA:699,1
DA:700,1
DA:701,1
DA:702,1
DA:703,1
DA:704,1
DA:705,279
DA:706,279
DA:707,279
DA:708,1
DA:709,3
DA:710,3
DA:711,3
DA:712,3
DA:713,3
DA:714,3
DA:715,3
DA:716,3
DA:717,3
DA:718,3
DA:719,3
DA:720,0
DA:721,3
DA:722,0
DA:723,0
DA:724,0
DA:725,0
DA:726,3
DA:727,3
DA:728,3
DA:729,3
DA:730,28
DA:731,28
DA:732,28
DA:733,28
DA:734,28
DA:735,28
DA:736,28
DA:737,28
DA:738,28
DA:739,28
DA:740,28
DA:741,28
DA:742,28
DA:743,28
DA:744,3
DA:745,1
DA:746,279
DA:747,279
DA:748,279
DA:749,279
DA:750,279
DA:751,279
DA:752,279
DA:753,279
DA:754,279
DA:755,279
DA:756,279
DA:757,3
DA:758,3
DA:759,3
DA:760,3
DA:761,3
DA:762,3
DA:763,279
DA:764,279
DA:765,279
DA:766,4
DA:767,4
DA:768,4
DA:769,4
DA:770,4
DA:771,4
DA:772,4
DA:773,4
DA:774,279
DA:775,279
DA:776,279
DA:777,279
DA:778,279
DA:779,279
DA:780,279
DA:781,279
DA:782,279
DA:783,279
DA:784,279
DA:785,279
DA:786,279
DA:787,279
DA:788,279
DA:789,279
DA:790,279
DA:791,1
DA:792,1
DA:793,1
DA:794,1
DA:795,387
DA:796,387
DA:797,387
DA:798,334
DA:799,334
DA:800,387
DA:801,220
DA:802,220
DA:803,387
DA:804,0
DA:805,0
DA:806,0
DA:807,0
DA:808,0
DA:809,0
DA:810,220
DA:811,220
DA:812,220
DA:813,220
DA:814,220
DA:815,220
DA:816,387
DA:817,31
DA:818,387
DA:819,84
DA:820,84
DA:821,84
DA:822,84
DA:823,359
DA:824,359
DA:825,359
DA:826,359
DA:827,359
DA:828,359
DA:829,359
DA:830,359
DA:831,359
DA:832,359
DA:833,359
DA:834,171
DA:835,171
DA:836,171
DA:837,171
DA:838,359
DA:839,84
DA:840,84
DA:841,189
DA:842,0
DA:843,0
DA:844,0
DA:845,0
DA:846,0
DA:847,0
DA:848,0
DA:849,0
DA:850,0
DA:851,0
DA:852,105
DA:853,105
DA:854,105
DA:855,105
DA:856,105
DA:857,105
DA:858,105
DA:859,105
DA:860,0
DA:861,0
DA:862,105
DA:863,105
DA:864,105
DA:865,387
DA:866,1
DA:867,1
DA:868,28
DA:869,28
DA:870,28
DA:871,28
DA:872,28
DA:873,28
DA:874,28
DA:875,28
DA:876,28
DA:877,28
DA:878,28
DA:879,28
DA:880,28
DA:881,28
DA:882,28
DA:883,28
DA:884,28
DA:885,28
DA:886,28
DA:887,28
DA:888,28
DA:889,28
DA:890,0
DA:891,0
DA:892,0
DA:893,0
DA:894,28
DA:895,1
DA:896,1
LF:896
LH:797
BRDA:23,0,0,100
BRDA:57,1,0,279
BRDA:60,2,0,449
BRDA:88,3,0,296
BRDA:94,4,0,199
BRDA:102,5,0,288
BRDA:102,6,0,192
BRDA:112,7,0,283
BRDA:112,8,0,186
BRDA:112,9,0,66
BRDA:115,10,0,237
BRDA:115,11,0,230
BRDA:119,12,0,217
BRDA:119,13,0,148
BRDA:123,14,0,230
BRDA:125,15,0,582
BRDA:128,16,0,230
BRDA:130,17,0,91
BRDA:132,18,0,139
BRDA:132,19,0,29
BRDA:132,20,0,29
BRDA:137,21,0,110
BRDA:139,22,0,18
BRDA:139,23,0,92
BRDA:142,24,0,289
BRDA:142,25,0,230
BRDA:146,26,0,224
BRDA:146,27,0,6
BRDA:147,28,0,168
BRDA:147,29,0,62
BRDA:150,30,0,227
BRDA:150,31,0,3
BRDA:151,32,0,215
BRDA:151,33,0,15
BRDA:154,34,0,29
BRDA:154,35,0,201
BRDA:155,36,0,168
BRDA:155,37,0,62
BRDA:156,38,0,215
BRDA:156,39,0,15
BRDA:163,40,0,353
BRDA:165,41,0,351
BRDA:165,42,0,228
BRDA:167,43,0,125
BRDA:167,44,0,1
BRDA:172,45,0,230
BRDA:173,46,0,2
BRDA:176,47,0,230
BRDA:177,48,0,32
BRDA:187,49,0,49
BRDA:195,50,0,23
BRDA:198,51,0,17
BRDA:199,52,0,32
BRDA:199,53,0,0
BRDA:234,54,0,16
BRDA:237,55,0,3
BRDA:250,56,0,10
BRDA:253,57,0,5
BRDA:255,58,0,1
BRDA:256,59,0,4
BRDA:258,60,0,11
BRDA:260,61,0,8
BRDA:261,62,0,3
BRDA:261,63,0,0
BRDA:284,64,0,26
BRDA:287,65,0,7
BRDA:300,66,0,14
BRDA:303,67,0,13
BRDA:304,68,0,13
BRDA:306,69,0,0
BRDA:326,70,0,9
BRDA:329,71,0,4
BRDA:340,72,0,5
BRDA:343,73,0,5
BRDA:345,74,0,1
BRDA:346,75,0,4
BRDA:348,76,0,4
BRDA:350,77,0,3
BRDA:351,78,0,1
BRDA:351,79,0,0
BRDA:365,80,0,71
BRDA:369,81,0,411
BRDA:371,82,0,176
BRDA:372,83,0,176
BRDA:374,84,0,103
BRDA:396,85,0,30
BRDA:401,86,0,6
BRDA:402,87,0,24
BRDA:403,88,0,0
BRDA:405,89,0,0
BRDA:413,90,0,90
BRDA:421,91,0,949
BRDA:426,92,0,663
BRDA:427,93,0,18
BRDA:432,94,0,15
BRDA:433,95,0,12
BRDA:436,96,0,645
BRDA:436,97,0,1
BRDA:438,98,0,644
BRDA:438,99,0,0
BRDA:453,100,0,930
BRDA:454,101,0,644
BRDA:454,102,0,158
BRDA:455,103,0,773
BRDA:461,104,0,487
BRDA:461,105,0,1
BRDA:461,106,0,772
BRDA:462,107,0,157
BRDA:463,108,0,1
BRDA:464,109,0,156
BRDA:465,110,0,1
BRDA:466,111,0,155
BRDA:467,112,0,153
BRDA:468,113,0,2
BRDA:469,114,0,1
BRDA:470,115,0,1
BRDA:474,116,0,103
BRDA:481,117,0,81
BRDA:481,118,0,34
BRDA:483,119,0,44
BRDA:484,120,0,38
BRDA:486,121,0,35
BRDA:486,122,0,0
BRDA:486,123,0,0
BRDA:494,124,0,3
BRDA:498,125,0,0
BRDA:502,126,0,2
BRDA:508,127,0,69
BRDA:511,128,0,18
BRDA:511,129,0,51
BRDA:514,130,0,65
BRDA:515,131,0,18
BRDA:520,132,0,6
BRDA:526,133,0,97
BRDA:529,134,0,89
BRDA:529,135,0,1
BRDA:529,136,0,0
BRDA:534,137,0,96
BRDA:544,138,0,3
BRDA:549,139,0,1
BRDA:563,140,0,41
BRDA:564,141,0,4
BRDA:564,142,0,37
BRDA:565,143,0,41
BRDA:566,144,0,41
BRDA:568,145,0,1
BRDA:568,146,0,0
BRDA:569,147,0,40
BRDA:571,148,0,4
BRDA:571,149,0,2
BRDA:571,150,0,2
BRDA:571,151,0,2
BRDA:572,152,0,1
BRDA:573,153,0,3
BRDA:573,154,0,2
BRDA:575,155,0,36
BRDA:582,156,0,100
BRDA:583,157,0,28
BRDA:585,158,0,72
BRDA:585,159,0,2
BRDA:585,160,0,2
BRDA:593,161,0,46
BRDA:593,162,0,54
BRDA:593,163,0,1
BRDA:593,164,0,53
BRDA:596,165,0,25
BRDA:597,166,0,15
BRDA:601,167,0,51
BRDA:604,168,0,29
BRDA:604,169,0,22
BRDA:604,170,0,3
BRDA:606,171,0,48
BRDA:606,172,0,42
BRDA:606,173,0,7
BRDA:607,174,0,2
BRDA:607,175,0,5
BRDA:608,176,0,41
BRDA:608,177,0,0
BRDA:614,178,0,30
BRDA:615,179,0,32
BRDA:616,180,0,0
BRDA:628,181,0,266
BRDA:631,182,0,6
BRDA:638,183,0,260
BRDA:639,184,0,230
BRDA:639,185,0,6
BRDA:639,186,0,6
BRDA:640,187,0,254
BRDA:641,188,0,29
BRDA:642,189,0,241
BRDA:642,190,0,225
BRDA:644,191,0,223
BRDA:645,192,0,105
BRDA:645,193,0,118
BRDA:646,194,0,105
BRDA:646,195,0,118
BRDA:648,196,0,96
BRDA:648,197,0,127
BRDA:649,198,0,72
BRDA:649,199,0,151
BRDA:650,200,0,3
BRDA:650,201,0,220
BRDA:651,202,0,2
BRDA:656,203,0,223
BRDA:660,204,0,784
BRDA:661,205,0,0
BRDA:663,206,0,40
BRDA:663,207,0,744
BRDA:663,208,0,40
BRDA:664,209,0,163
BRDA:664,210,0,621
BRDA:664,211,0,163
BRDA:665,212,0,629
BRDA:665,213,0,155
BRDA:665,214,0,629
BRDA:669,215,0,279
BRDA:670,216,0,0
BRDA:673,217,0,0
BRDA:695,218,0,230
BRDA:695,219,0,49
BRDA:695,220,0,1
BRDA:697,221,0,1
BRDA:699,222,0,0
BRDA:700,223,0,1
BRDA:709,224,0,3
BRDA:719,225,0,0
BRDA:721,226,0,0
BRDA:721,227,0,0
BRDA:729,228,0,28
BRDA:746,229,0,279
BRDA:756,230,0,3
BRDA:765,231,0,4
BRDA:768,232,0,1
BRDA:795,233,0,387
BRDA:797,234,0,53
BRDA:798,235,0,334
BRDA:800,236,0,114
BRDA:800,237,0,114
BRDA:801,238,0,220
BRDA:803,239,0,0
BRDA:810,240,0,220
BRDA:816,241,0,31
BRDA:817,242,0,0
BRDA:818,243,0,189
BRDA:818,244,0,84
BRDA:822,245,0,359
BRDA:823,246,0,0
BRDA:829,247,0,273
BRDA:833,248,0,245
BRDA:833,249,0,171
BRDA:834,250,0,0
BRDA:841,251,0,105
BRDA:841,252,0,0
BRDA:859,253,0,0
BRDA:868,254,0,28
BRDA:870,255,0,0
BRDA:879,256,0,0
BRDA:879,257,0,0
BRDA:887,258,0,0
BRDA:889,259,0,0
BRF:260
BRH:228
end_of_record
TN:
SF:src/lib/store.ts
FN:5,Store
FN:8,make_tag
FN:19,init
FN:141,reify_entity_wrap
FN:148,outfunc
FNF:5
FNH:5
FNDA:55,Store
FNDA:57,make_tag
FNDA:57,init
FNDA:344,reify_entity_wrap
FNDA:110,outfunc
DA:1,1
DA:2,1
DA:3,1
DA:4,1
DA:5,55
DA:6,55
DA:7,55
DA:8,55
DA:9,57
DA:10,57
DA:11,57
DA:12,55
DA:13,55
DA:14,55
DA:15,55
DA:16,55
DA:17,55
DA:18,55
DA:19,55
DA:20,57
DA:21,57
DA:22,57
DA:23,3
DA:24,3
DA:25,3
DA:26,3
DA:27,3
DA:28,3
DA:29,3
DA:30,57
DA:31,54
DA:32,54
DA:33,57
DA:34,57
DA:35,57
DA:36,57
DA:37,57
DA:38,57
DA:39,57
DA:40,57
DA:41,57
DA:42,57
DA:43,57
DA:44,57
DA:45,57
DA:46,57
DA:47,57
DA:48,57
DA:49,57
DA:50,57
DA:51,57
DA:52,57
DA:53,57
DA:54,57
DA:55,57
DA:56,57
DA:57,57
DA:58,57
DA:59,56
DA:60,56
DA:61,56
DA:62,57
DA:63,0
DA:64,0
DA:65,1
DA:66,1
DA:67,1
DA:68,57
DA:69,57
DA:70,57
DA:71,57
DA:72,57
DA:73,57
DA:74,57
DA:75,57
DA:76,57
DA:77,57
DA:78,57
DA:79,342
DA:80,342
DA:81,342
DA:82,342
DA:83,342
DA:84,0
DA:85,0
DA:86,0
DA:87,0
DA:88,0
DA:89,342
DA:90,342
DA:91,342
DA:92,342
DA:93,342
DA:94,342
DA:95,342
DA:96,342
DA:97,0
DA:98,0
DA:99,342
DA:100,342
DA:101,285
DA:102,342
DA:103,57
DA:104,57
DA:105,57
DA:106,14
DA:107,14
DA:108,14
DA:109,14
DA:110,14
DA:111,14
DA:112,14
DA:113,14
DA:114,14
DA:115,14
DA:116,0
DA:117,0
DA:118,14
DA:119,57
DA:120,57
DA:121,57
DA:122,57
DA:123,57
DA:124,57
DA:125,57
DA:126,0
DA:127,57
DA:128,57
DA:129,57
DA:130,57
DA:131,57
DA:132,57
DA:133,55
DA:134,55
DA:135,55
DA:136,55
DA:137,55
DA:138,1
DA:139,1
DA:140,1
DA:141,1
DA:142,344
DA:143,344
DA:144,344
DA:145,344
DA:146,344
DA:147,344
DA:148,344
DA:149,110
DA:150,62
DA:151,27
DA:152,27
DA:153,27
DA:154,4
DA:155,4
DA:156,4
DA:157,27
DA:158,62
DA:159,62
DA:160,19
DA:161,19
DA:162,19
DA:163,19
DA:164,19
DA:165,19
DA:166,19
DA:167,19
DA:168,62
DA:169,110
DA:170,110
DA:171,3
DA:172,3
DA:173,3
DA:174,3
DA:175,3
DA:176,3
DA:177,3
DA:178,3
DA:179,110
DA:180,110
DA:181,110
DA:182,344
DA:183,344
DA:184,344
DA:185,344
DA:186,344
DA:187,344
DA:188,344
DA:189,344
DA:190,344
DA:191,344
DA:192,344
DA:193,1
DA:194,1
DA:195,1
DA:196,1
LF:196
LH:184
BRDA:5,0,0,55
BRDA:8,1,0,57
BRDA:9,2,0,53
BRDA:19,3,0,57
BRDA:22,4,0,3
BRDA:30,5,0,54
BRDA:41,6,0,0
BRDA:43,7,0,0
BRDA:58,8,0,56
BRDA:62,9,0,1
BRDA:62,10,0,0
BRDA:69,11,0,56
BRDA:69,12,0,1
BRDA:70,13,0,56
BRDA:70,14,0,1
BRDA:71,15,0,54
BRDA:71,16,0,3
BRDA:74,17,0,3
BRDA:75,18,0,0
BRDA:76,19,0,0
BRDA:125,20,0,0
BRDA:78,21,0,342
BRDA:83,22,0,0
BRDA:96,23,0,0
BRDA:100,24,0,285
BRDA:102,25,0,57
BRDA:105,26,0,14
BRDA:115,27,0,0
BRDA:109,28,0,14
BRDA:110,29,0,0
BRDA:141,30,0,344
BRDA:187,31,0,0
BRDA:188,32,0,0
BRDA:189,33,0,326
BRDA:189,34,0,18
BRDA:148,35,0,110
BRDA:149,36,0,62
BRDA:150,37,0,27
BRDA:153,38,0,4
BRDA:159,39,0,19
BRDA:170,40,0,88
BRDA:170,41,0,3
BRF:42
BRH:30
end_of_record
TN:
SF:src/lib/types.ts
FN:1,(empty-report)
FNF:1
FNH:0
FNDA:0,(empty-report)
DA:1,0
DA:2,0
DA:3,0
DA:4,0
DA:5,0
DA:6,0
DA:7,0
DA:8,0
DA:9,0
DA:10,0
DA:11,0
DA:12,0
DA:13,0
DA:14,0
DA:15,0
DA:16,0
DA:17,0
DA:18,0
DA:19,0
DA:20,0
DA:21,0
DA:22,0
DA:23,0
DA:24,0
DA:25,0
DA:26,0
DA:27,0
DA:28,0
DA:29,0
DA:30,0
DA:31,0
DA:32,0
DA:33,0
DA:34,0
DA:35,0
DA:36,0
DA:37,0
DA:38,0
DA:39,0
DA:40,0
DA:41,0
DA:42,0
LF:42
LH:0
BRDA:1,0,0,0
BRF:1
BRH:0
end_of_record
